<?xml version="1.0" encoding="UTF-8"?>
<!-- Generated by org.testng.reporters.JUnitReportReporter -->
<testsuite hostname="jenkins.codewithkesav.com" name="com.example.devops.DevopsApplicationTests" tests="1" failures="0" timestamp="19 Jul 2020 02:08:57 GMT" time="0.043" errors="0">
  <testcase name="contextLoads" time="0.043" classname="com.example.devops.DevopsApplicationTests"/>
</testsuite> <!-- com.example.devops.DevopsApplicationTests -->
