<?xml version="1.0" encoding="UTF-8"?>
<!-- Generated by org.testng.reporters.JUnitReportReporter -->
<testsuite hostname="jenkins.codewithkesav.com" name="com.example.devops.web.WelcomeControllerTest" tests="1" failures="0" timestamp="19 Jul 2020 02:08:57 GMT" time="0.518" errors="0">
  <testcase name="testWelcome" time="0.518" classname="com.example.devops.web.WelcomeControllerTest"/>
</testsuite> <!-- com.example.devops.web.WelcomeControllerTest -->
